srcs/heredoc/signal.c\
srcs/heredoc/utils.c\
srcs/heredoc/heredoc.c\
srcs/redir/build_1.c\
srcs/redir/build.c\
srcs/redir/build_2.c\
srcs/environment/getenv.c\
srcs/environment/env.c\
srcs/environment/sort.c\
srcs/environment/envp.c\
srcs/input_handlers/formating_utils.c\
srcs/input_handlers/token.c\
srcs/input_handlers/error_2.c\
srcs/input_handlers/parse_utils.c\
srcs/input_handlers/split_mutli.c\
srcs/input_handlers/split_single.c\
srcs/input_handlers/error.c\
srcs/input_handlers/error_1.c\
srcs/input_handlers/formating.c\
srcs/input_handlers/token_multi_input.c\
srcs/input_handlers/token_single_input.c\
srcs/utils/utils_4.c\
srcs/utils/utils_3.c\
srcs/utils/utils_1.c\
srcs/utils/utils_2.c\
srcs/utils/ft_split_set.c\
srcs/argv/quotes.c\
srcs/argv/build.c\
srcs/expansion/expander.c\
srcs/expansion/utils_heredoc.c\
srcs/expansion/utils_1.c\
srcs/expansion/heredoc.c\
srcs/expansion/utilis_2.c\
srcs/expansion/utils.c\
srcs/gnl/get_next_line.c\
srcs/gnl/get_next_line_utils.c\
execution/builtins_ft_3.c\
execution/builtins_ft_1.c\
execution/execution.c\
execution/ft_free.c\
execution/utils2.c\
execution/ft_error.c\
execution/builtins_ft_2.c\
execution/builtins_ft.c\
execution/execute.c\
execution/utils.c\
execution/my_shell.c\
execution/builtins_ft_4.c\
